2025-10-07 09:50:14, MOVE, v:1, k:poo@chinela, mode:DOWN
2025-10-07 09:50:16, MOVE, v:1, k:poo@chinela, mode:PICK
2025-10-07 10:16:03, EXEC, v:1, k:poo@chinela, mode:FREE, size:37
2025-10-07 10:18:29, MOVE, v:1, k:poo@chinela, mode:BACK
2025-10-07 10:18:31, MOVE, v:1, k:poo@chinela, mode:PICK
2025-10-07 10:18:32, EXEC, v:1, k:poo@chinela, mode:FREE, size:37
2025-10-07 10:18:59, EXEC, v:1, k:poo@chinela, mode:LOCK, rate:0, size:37
2025-10-07 10:19:03, EXEC, v:1, k:poo@chinela, mode:LOCK, rate:0
2025-10-07 10:19:05, MOVE, v:1, k:poo@chinela, mode:BACK
2025-10-07 10:19:07, MOVE, v:1, k:poo@chinela, mode:PICK
2025-10-07 10:19:08, EXEC, v:1, k:poo@chinela, mode:FREE
2025-10-07 10:20:14, MOVE, v:1, k:poo@chinela, mode:BACK
2025-10-07 14:41:45, MOVE, v:1, k:poo@camisa, mode:DOWN
2025-10-07 14:41:46, MOVE, v:1, k:poo@camisa, mode:PICK
2025-10-07 15:00:08, MOVE, v:1, k:poo@camisa, mode:BACK
2025-10-07 15:00:13, MOVE, v:1, k:poo@camisa, mode:PICK
2025-10-07 15:07:03, EXEC, v:1, k:poo@camisa, mode:FREE, size:49
2025-10-07 15:12:12, EXEC, v:1, k:poo@camisa, mode:FREE, size:48
2025-10-07 15:13:51, EXEC, v:1, k:poo@camisa, mode:FREE, size:48
2025-10-07 15:17:36, MOVE, v:1, k:poo@camisa, mode:PICK
2025-10-07 15:17:38, EXEC, v:1, k:poo@camisa, mode:FREE, size:48
2025-10-07 15:18:45, MOVE, v:1, k:poo@camisa, mode:PICK
2025-10-07 15:18:46, EXEC, v:1, k:poo@camisa, mode:FREE, size:47
2025-10-07 15:28:01, MOVE, v:1, k:poo@camisa, mode:PICK
2025-10-07 15:28:02, EXEC, v:1, k:poo@camisa, mode:FREE, size:48
2025-10-07 15:28:12, EXEC, v:1, k:poo@camisa, mode:FREE
