2025-10-27 17:29:40, MOVE, v:1, k:poo@motoca, mode:PICK
2025-10-27 17:29:41, EXEC, v:1, k:poo@motoca, mode:FULL, rate:0, size:128
2025-10-27 17:29:54, MOVE, v:1, k:poo@motoca, mode:BACK
2025-10-27 17:30:19, MOVE, v:1, k:poo@motoca, mode:PICK
2025-10-27 17:30:21, EXEC, v:1, k:poo@motoca, mode:FULL, rate:0, size:128
2025-10-27 17:39:21, EXEC, v:1, k:poo@motoca, mode:FULL, rate:0, size:128
2025-10-27 17:39:42, EXEC, v:1, k:poo@motoca, mode:FULL, rate:0, size:128
2025-10-27 17:41:06, EXEC, v:1, k:poo@motoca, mode:FULL, rate:0, size:128
2025-10-27 17:41:07, EXEC, v:1, k:poo@motoca, mode:FULL, rate:0
2025-10-27 17:41:17, EXEC, v:1, k:poo@motoca, mode:FULL, rate:0, size:128
2025-10-27 17:46:00, EXEC, v:1, k:poo@motoca, mode:FULL, rate:0, size:128
2025-10-27 17:48:16, EXEC, v:1, k:poo@motoca, mode:FULL, rate:0, size:127
2025-10-27 17:48:25, MOVE, v:1, k:poo@motoca, mode:BACK
2025-10-27 17:48:26, MOVE, v:1, k:poo@motoca, mode:PICK
2025-10-27 17:48:27, EXEC, v:1, k:poo@motoca, mode:FULL, rate:0
2025-10-27 17:48:30, MOVE, v:1, k:poo@motoca, mode:BACK
2025-10-27 18:40:25, MOVE, v:1, k:poo@motoca, mode:PICK
2025-10-27 18:41:59, EXEC, v:1, k:poo@motoca, mode:FULL, rate:0, size:127
2025-10-27 18:43:57, EXEC, v:1, k:poo@motoca, mode:FULL, rate:0, size:127
2025-10-27 19:01:11, MOVE, v:1, k:poo@motoca, mode:BACK
2025-10-27 19:01:13, MOVE, v:1, k:poo@grafite, mode:PICK
2025-10-27 19:33:35, EXEC, v:1, k:poo@grafite, mode:FULL, rate:0, size:116
2025-10-27 19:41:10, EXEC, v:1, k:poo@grafite, mode:FULL, rate:0, size:116
2025-10-27 19:41:53, EXEC, v:1, k:poo@grafite, mode:FULL, rate:0, size:117
2025-10-27 19:42:19, EXEC, v:1, k:poo@grafite, mode:FULL, rate:0, size:117
2025-10-27 19:42:38, EXEC, v:1, k:poo@grafite, mode:FULL, rate:0, size:117
2025-10-27 19:47:44, EXEC, v:1, k:poo@grafite, mode:FULL, rate:0, size:124
2025-10-27 19:49:53, EXEC, v:1, k:poo@grafite, mode:FULL, rate:0, size:118
2025-10-27 20:00:43, EXEC, v:1, k:poo@grafite, mode:FULL, rate:0
2025-10-27 20:02:26, EXEC, v:1, k:poo@grafite, mode:FULL, rate:0, size:116
2025-10-27 20:03:13, EXEC, v:1, k:poo@grafite, mode:FULL, rate:0
2025-10-27 20:03:16, MOVE, v:1, k:poo@grafite, mode:BACK
2025-10-27 20:03:18, MOVE, v:1, k:poo@motoca, mode:PICK
2025-10-27 20:03:19, EXEC, v:1, k:poo@motoca, mode:FULL, rate:0
2025-10-27 20:04:11, EXEC, v:1, k:poo@motoca, mode:FULL, rate:0, size:125
2025-10-27 20:06:10, EXEC, v:1, k:poo@motoca, mode:FULL, rate:0, size:128
2025-10-27 20:11:15, MOVE, v:1, k:poo@motoca, mode:BACK
2025-10-27 20:11:36, MOVE, v:1, k:poo@motouber, mode:PICK
2025-10-27 20:11:57, EXEC, v:1, k:poo@motouber, mode:FULL, rate:0, size:113
2025-10-27 20:12:30, EXEC, v:1, k:poo@motouber, mode:FULL, rate:0, size:112
2025-10-27 20:12:45, EXEC, v:1, k:poo@motouber, mode:FULL, rate:0
2025-10-27 20:13:39, EXEC, v:1, k:poo@motouber, mode:FULL, rate:0, size:112
2025-10-27 20:48:52, MOVE, v:1, k:poo@motouber, mode:BACK
2025-10-27 20:48:54, MOVE, v:1, k:poo@motoca, mode:PICK
2025-10-27 20:48:58, EXEC, v:1, k:poo@motoca, mode:FULL, rate:0
2025-10-27 20:49:04, MOVE, v:1, k:poo@motoca, mode:BACK
2025-10-27 20:49:06, MOVE, v:1, k:poo@grafite, mode:PICK
2025-10-27 20:49:08, EXEC, v:1, k:poo@grafite, mode:FULL, rate:0
2025-10-27 21:06:11, EXEC, v:1, k:poo@grafite, mode:FULL, rate:0, size:119
2025-10-27 21:10:24, EXEC, v:1, k:poo@grafite, mode:FULL, rate:0, size:121
2025-10-27 21:11:43, EXEC, v:1, k:poo@grafite, mode:FULL, rate:0, size:121
2025-10-27 21:18:18, EXEC, v:1, k:poo@grafite, mode:FULL, rate:10, size:121
2025-10-27 21:19:24, EXEC, v:1, k:poo@grafite, mode:FULL, rate:10, size:121
2025-10-27 21:40:50, EXEC, v:1, k:poo@grafite, mode:FULL, rate:20, size:126
2025-10-27 21:41:36, EXEC, v:1, k:poo@grafite, mode:FULL, rate:20, size:126
2025-10-27 21:42:12, EXEC, v:1, k:poo@grafite, mode:FULL, rate:20, size:126
2025-10-27 21:43:26, EXEC, v:1, k:poo@grafite, mode:FULL, rate:20, size:126
2025-10-27 21:43:39, EXEC, v:1, k:poo@grafite, mode:FULL, rate:70, size:126
2025-10-27 21:44:02, EXEC, v:1, k:poo@grafite, mode:FREE
2025-10-27 21:54:06, MOVE, v:1, k:poo@grafite, mode:PICK
2025-10-27 21:54:09, EXEC, v:1, k:poo@grafite, mode:FULL, rate:70, size:133
2025-10-27 21:55:51, EXEC, v:1, k:poo@grafite, mode:FULL, rate:70, size:133
2025-10-27 21:57:39, EXEC, v:1, k:poo@grafite, mode:FULL, rate:70, size:133
2025-10-27 21:58:42, EXEC, v:1, k:poo@grafite, mode:FULL, rate:70, size:133
2025-10-27 22:00:33, EXEC, v:1, k:poo@grafite, mode:FULL, rate:80, size:133
2025-10-27 22:01:04, EXEC, v:1, k:poo@grafite, mode:FULL, rate:90, size:133
2025-10-27 22:03:04, EXEC, v:1, k:poo@grafite, mode:FULL, rate:100, size:134
2025-10-27 22:04:19, MOVE, v:1, k:poo@grafite, mode:BACK
2025-10-27 22:04:21, MOVE, v:1, k:poo@motoca, mode:PICK
2025-10-27 22:04:22, EXEC, v:1, k:poo@motoca, mode:FULL, rate:0
2025-10-27 22:07:35, EXEC, v:1, k:poo@motoca, mode:FULL, rate:0, size:128
2025-10-27 22:12:31, EXEC, v:1, k:poo@motoca, mode:FULL, rate:66, size:128
2025-10-27 22:19:38, EXEC, v:1, k:poo@motoca, mode:FULL, rate:66, size:128
2025-10-27 22:23:32, EXEC, v:1, k:poo@motoca, mode:FULL, rate:73, size:128
2025-10-27 22:23:33, EXEC, v:1, k:poo@motoca, mode:FULL, rate:73
2025-10-27 22:30:06, EXEC, v:1, k:poo@motoca, mode:FULL, rate:100, size:128
